2024-05-14 19:27:50,565 - ERROR - Error ingesting log (attempt 1): HTTPSConnectionPool(host='api1.example.com', port=443): Max retries exceeded with url: /logs (Caused by NameResolutionError("<urllib3.connection.HTTPSConnection object at 0x000001C18B784190>: Failed to resolve 'api1.example.com' ([Errno 11001] getaddrinfo failed)"))
2024-05-14 19:27:50,570 - ERROR - Error ingesting log (attempt 2): HTTPSConnectionPool(host='api1.example.com', port=443): Max retries exceeded with url: /logs (Caused by NameResolutionError("<urllib3.connection.HTTPSConnection object at 0x000001C18B784C70>: Failed to resolve 'api1.example.com' ([Errno 11001] getaddrinfo failed)"))
2024-05-14 19:27:50,574 - ERROR - Error ingesting log (attempt 3): HTTPSConnectionPool(host='api1.example.com', port=443): Max retries exceeded with url: /logs (Caused by NameResolutionError("<urllib3.connection.HTTPSConnection object at 0x000001C18B7D5610>: Failed to resolve 'api1.example.com' ([Errno 11001] getaddrinfo failed)"))
2024-05-14 19:27:50,575 - CRITICAL - Failed to ingest log to https://api1.example.com/logs: HTTPSConnectionPool(host='api1.example.com', port=443): Max retries exceeded with url: /logs (Caused by NameResolutionError("<urllib3.connection.HTTPSConnection object at 0x000001C18B7D5610>: Failed to resolve 'api1.example.com' ([Errno 11001] getaddrinfo failed)"))
2024-05-14 19:27:50,625 - ERROR - Error ingesting log (attempt 1): HTTPSConnectionPool(host='api2.example.com', port=443): Max retries exceeded with url: /logs (Caused by NameResolutionError("<urllib3.connection.HTTPSConnection object at 0x000001C18B7D5F70>: Failed to resolve 'api2.example.com' ([Errno 11001] getaddrinfo failed)"))
2024-05-14 19:27:50,625 - ERROR - Error ingesting log (attempt 2): HTTPSConnectionPool(host='api2.example.com', port=443): Max retries exceeded with url: /logs (Caused by NameResolutionError("<urllib3.connection.HTTPSConnection object at 0x000001C18B7DD910>: Failed to resolve 'api2.example.com' ([Errno 11001] getaddrinfo failed)"))
2024-05-14 19:27:50,633 - ERROR - Error ingesting log (attempt 3): HTTPSConnectionPool(host='api2.example.com', port=443): Max retries exceeded with url: /logs (Caused by NameResolutionError("<urllib3.connection.HTTPSConnection object at 0x000001C18B7D5730>: Failed to resolve 'api2.example.com' ([Errno 11001] getaddrinfo failed)"))
2024-05-14 19:27:50,633 - CRITICAL - Failed to ingest log to https://api2.example.com/logs: HTTPSConnectionPool(host='api2.example.com', port=443): Max retries exceeded with url: /logs (Caused by NameResolutionError("<urllib3.connection.HTTPSConnection object at 0x000001C18B7D5730>: Failed to resolve 'api2.example.com' ([Errno 11001] getaddrinfo failed)"))
2024-05-14 19:27:50,660 - INFO - [31m[1mWARNING: This is a development server. Do not use it in a production deployment. Use a production WSGI server instead.[0m
 * Running on http://127.0.0.1:5000
2024-05-14 19:27:50,660 - INFO - [33mPress CTRL+C to quit[0m
2024-05-14 19:27:50,679 - INFO -  * Restarting with watchdog (windowsapi)
2024-05-14 19:27:51,355 - ERROR - Error ingesting log (attempt 1): HTTPSConnectionPool(host='api1.example.com', port=443): Max retries exceeded with url: /logs (Caused by NameResolutionError("<urllib3.connection.HTTPSConnection object at 0x000001C8C9214190>: Failed to resolve 'api1.example.com' ([Errno 11001] getaddrinfo failed)"))
2024-05-14 19:27:51,359 - ERROR - Error ingesting log (attempt 2): HTTPSConnectionPool(host='api1.example.com', port=443): Max retries exceeded with url: /logs (Caused by NameResolutionError("<urllib3.connection.HTTPSConnection object at 0x000001C8C9214C70>: Failed to resolve 'api1.example.com' ([Errno 11001] getaddrinfo failed)"))
2024-05-14 19:27:51,359 - ERROR - Error ingesting log (attempt 3): HTTPSConnectionPool(host='api1.example.com', port=443): Max retries exceeded with url: /logs (Caused by NameResolutionError("<urllib3.connection.HTTPSConnection object at 0x000001C8C9265610>: Failed to resolve 'api1.example.com' ([Errno 11001] getaddrinfo failed)"))
2024-05-14 19:27:51,359 - CRITICAL - Failed to ingest log to https://api1.example.com/logs: HTTPSConnectionPool(host='api1.example.com', port=443): Max retries exceeded with url: /logs (Caused by NameResolutionError("<urllib3.connection.HTTPSConnection object at 0x000001C8C9265610>: Failed to resolve 'api1.example.com' ([Errno 11001] getaddrinfo failed)"))
2024-05-14 19:27:51,359 - ERROR - Error ingesting log (attempt 1): HTTPSConnectionPool(host='api2.example.com', port=443): Max retries exceeded with url: /logs (Caused by NameResolutionError("<urllib3.connection.HTTPSConnection object at 0x000001C8C9265F70>: Failed to resolve 'api2.example.com' ([Errno 11001] getaddrinfo failed)"))
2024-05-14 19:27:51,365 - ERROR - Error ingesting log (attempt 2): HTTPSConnectionPool(host='api2.example.com', port=443): Max retries exceeded with url: /logs (Caused by NameResolutionError("<urllib3.connection.HTTPSConnection object at 0x000001C8C926D910>: Failed to resolve 'api2.example.com' ([Errno 11001] getaddrinfo failed)"))
2024-05-14 19:27:51,365 - ERROR - Error ingesting log (attempt 3): HTTPSConnectionPool(host='api2.example.com', port=443): Max retries exceeded with url: /logs (Caused by NameResolutionError("<urllib3.connection.HTTPSConnection object at 0x000001C8C9265730>: Failed to resolve 'api2.example.com' ([Errno 11001] getaddrinfo failed)"))
2024-05-14 19:27:51,365 - CRITICAL - Failed to ingest log to https://api2.example.com/logs: HTTPSConnectionPool(host='api2.example.com', port=443): Max retries exceeded with url: /logs (Caused by NameResolutionError("<urllib3.connection.HTTPSConnection object at 0x000001C8C9265730>: Failed to resolve 'api2.example.com' ([Errno 11001] getaddrinfo failed)"))
2024-05-14 19:27:51,370 - WARNING -  * Debugger is active!
2024-05-14 19:27:51,376 - INFO -  * Debugger PIN: 143-116-878
2024-05-14 19:29:21,622 - INFO -  * Detected change in 'C:\\Users\\gradu\\AppData\\Local\\Programs\\Python\\Python38\\Lib\\logging\\__init__.py', reloading
2024-05-14 19:29:22,619 - INFO -  * Restarting with watchdog (windowsapi)
2024-05-14 19:29:23,753 - ERROR - Error ingesting log (attempt 1): HTTPSConnectionPool(host='api1.example.com', port=443): Max retries exceeded with url: /logs (Caused by NameResolutionError("<urllib3.connection.HTTPSConnection object at 0x00000228BA835190>: Failed to resolve 'api1.example.com' ([Errno 11001] getaddrinfo failed)"))
2024-05-14 19:29:23,753 - ERROR - Error ingesting log (attempt 2): HTTPSConnectionPool(host='api1.example.com', port=443): Max retries exceeded with url: /logs (Caused by NameResolutionError("<urllib3.connection.HTTPSConnection object at 0x00000228BA835C70>: Failed to resolve 'api1.example.com' ([Errno 11001] getaddrinfo failed)"))
2024-05-14 19:29:23,762 - ERROR - Error ingesting log (attempt 3): HTTPSConnectionPool(host='api1.example.com', port=443): Max retries exceeded with url: /logs (Caused by NameResolutionError("<urllib3.connection.HTTPSConnection object at 0x00000228BA884610>: Failed to resolve 'api1.example.com' ([Errno 11001] getaddrinfo failed)"))
2024-05-14 19:29:23,762 - CRITICAL - Failed to ingest log to https://api1.example.com/logs: HTTPSConnectionPool(host='api1.example.com', port=443): Max retries exceeded with url: /logs (Caused by NameResolutionError("<urllib3.connection.HTTPSConnection object at 0x00000228BA884610>: Failed to resolve 'api1.example.com' ([Errno 11001] getaddrinfo failed)"))
2024-05-14 19:29:23,836 - ERROR - Error ingesting log (attempt 1): HTTPSConnectionPool(host='api2.example.com', port=443): Max retries exceeded with url: /logs (Caused by NameResolutionError("<urllib3.connection.HTTPSConnection object at 0x00000228BA884F70>: Failed to resolve 'api2.example.com' ([Errno 11001] getaddrinfo failed)"))
2024-05-14 19:29:23,842 - ERROR - Error ingesting log (attempt 2): HTTPSConnectionPool(host='api2.example.com', port=443): Max retries exceeded with url: /logs (Caused by NameResolutionError("<urllib3.connection.HTTPSConnection object at 0x00000228BA88E910>: Failed to resolve 'api2.example.com' ([Errno 11001] getaddrinfo failed)"))
2024-05-14 19:29:23,845 - ERROR - Error ingesting log (attempt 3): HTTPSConnectionPool(host='api2.example.com', port=443): Max retries exceeded with url: /logs (Caused by NameResolutionError("<urllib3.connection.HTTPSConnection object at 0x00000228BA884730>: Failed to resolve 'api2.example.com' ([Errno 11001] getaddrinfo failed)"))
2024-05-14 19:29:23,847 - CRITICAL - Failed to ingest log to https://api2.example.com/logs: HTTPSConnectionPool(host='api2.example.com', port=443): Max retries exceeded with url: /logs (Caused by NameResolutionError("<urllib3.connection.HTTPSConnection object at 0x00000228BA884730>: Failed to resolve 'api2.example.com' ([Errno 11001] getaddrinfo failed)"))
2024-05-14 19:29:23,862 - WARNING -  * Debugger is active!
2024-05-14 19:29:23,872 - INFO -  * Debugger PIN: 143-116-878
2024-05-14 19:30:01,245 - ERROR - Error ingesting log (attempt 1): HTTPSConnectionPool(host='api1.example.com', port=443): Max retries exceeded with url: /logs (Caused by NameResolutionError("<urllib3.connection.HTTPSConnection object at 0x000002379C9041C0>: Failed to resolve 'api1.example.com' ([Errno 11001] getaddrinfo failed)"))
2024-05-14 19:30:01,245 - ERROR - Error ingesting log (attempt 2): HTTPSConnectionPool(host='api1.example.com', port=443): Max retries exceeded with url: /logs (Caused by NameResolutionError("<urllib3.connection.HTTPSConnection object at 0x000002379C904CA0>: Failed to resolve 'api1.example.com' ([Errno 11001] getaddrinfo failed)"))
2024-05-14 19:30:01,253 - ERROR - Error ingesting log (attempt 3): HTTPSConnectionPool(host='api1.example.com', port=443): Max retries exceeded with url: /logs (Caused by NameResolutionError("<urllib3.connection.HTTPSConnection object at 0x000002379C954640>: Failed to resolve 'api1.example.com' ([Errno 11001] getaddrinfo failed)"))
2024-05-14 19:30:01,253 - CRITICAL - Failed to ingest log to https://api1.example.com/logs: HTTPSConnectionPool(host='api1.example.com', port=443): Max retries exceeded with url: /logs (Caused by NameResolutionError("<urllib3.connection.HTTPSConnection object at 0x000002379C954640>: Failed to resolve 'api1.example.com' ([Errno 11001] getaddrinfo failed)"))
2024-05-14 19:30:01,403 - ERROR - Error ingesting log (attempt 1): HTTPSConnectionPool(host='api2.example.com', port=443): Max retries exceeded with url: /logs (Caused by NameResolutionError("<urllib3.connection.HTTPSConnection object at 0x000002379C954FA0>: Failed to resolve 'api2.example.com' ([Errno 11001] getaddrinfo failed)"))
2024-05-14 19:30:01,407 - ERROR - Error ingesting log (attempt 2): HTTPSConnectionPool(host='api2.example.com', port=443): Max retries exceeded with url: /logs (Caused by NameResolutionError("<urllib3.connection.HTTPSConnection object at 0x000002379C95D940>: Failed to resolve 'api2.example.com' ([Errno 11001] getaddrinfo failed)"))
2024-05-14 19:30:01,407 - ERROR - Error ingesting log (attempt 3): HTTPSConnectionPool(host='api2.example.com', port=443): Max retries exceeded with url: /logs (Caused by NameResolutionError("<urllib3.connection.HTTPSConnection object at 0x000002379C954340>: Failed to resolve 'api2.example.com' ([Errno 11001] getaddrinfo failed)"))
2024-05-14 19:30:01,407 - CRITICAL - Failed to ingest log to https://api2.example.com/logs: HTTPSConnectionPool(host='api2.example.com', port=443): Max retries exceeded with url: /logs (Caused by NameResolutionError("<urllib3.connection.HTTPSConnection object at 0x000002379C954340>: Failed to resolve 'api2.example.com' ([Errno 11001] getaddrinfo failed)"))
2024-05-14 19:30:01,438 - INFO - [31m[1mWARNING: This is a development server. Do not use it in a production deployment. Use a production WSGI server instead.[0m
 * Running on http://127.0.0.1:5000
2024-05-14 19:30:01,438 - INFO - [33mPress CTRL+C to quit[0m
2024-05-14 19:30:01,459 - INFO -  * Restarting with watchdog (windowsapi)
2024-05-14 19:30:02,027 - ERROR - Error ingesting log (attempt 1): HTTPSConnectionPool(host='api1.example.com', port=443): Max retries exceeded with url: /logs (Caused by NameResolutionError("<urllib3.connection.HTTPSConnection object at 0x000001E6F3B24190>: Failed to resolve 'api1.example.com' ([Errno 11001] getaddrinfo failed)"))
2024-05-14 19:30:02,033 - ERROR - Error ingesting log (attempt 2): HTTPSConnectionPool(host='api1.example.com', port=443): Max retries exceeded with url: /logs (Caused by NameResolutionError("<urllib3.connection.HTTPSConnection object at 0x000001E6F3B24C70>: Failed to resolve 'api1.example.com' ([Errno 11001] getaddrinfo failed)"))
2024-05-14 19:30:02,033 - ERROR - Error ingesting log (attempt 3): HTTPSConnectionPool(host='api1.example.com', port=443): Max retries exceeded with url: /logs (Caused by NameResolutionError("<urllib3.connection.HTTPSConnection object at 0x000001E6F3B75610>: Failed to resolve 'api1.example.com' ([Errno 11001] getaddrinfo failed)"))
2024-05-14 19:30:02,033 - CRITICAL - Failed to ingest log to https://api1.example.com/logs: HTTPSConnectionPool(host='api1.example.com', port=443): Max retries exceeded with url: /logs (Caused by NameResolutionError("<urllib3.connection.HTTPSConnection object at 0x000001E6F3B75610>: Failed to resolve 'api1.example.com' ([Errno 11001] getaddrinfo failed)"))
2024-05-14 19:30:02,033 - ERROR - Error ingesting log (attempt 1): HTTPSConnectionPool(host='api2.example.com', port=443): Max retries exceeded with url: /logs (Caused by NameResolutionError("<urllib3.connection.HTTPSConnection object at 0x000001E6F3B75F70>: Failed to resolve 'api2.example.com' ([Errno 11001] getaddrinfo failed)"))
2024-05-14 19:30:02,040 - ERROR - Error ingesting log (attempt 2): HTTPSConnectionPool(host='api2.example.com', port=443): Max retries exceeded with url: /logs (Caused by NameResolutionError("<urllib3.connection.HTTPSConnection object at 0x000001E6F3B7D910>: Failed to resolve 'api2.example.com' ([Errno 11001] getaddrinfo failed)"))
2024-05-14 19:30:02,043 - ERROR - Error ingesting log (attempt 3): HTTPSConnectionPool(host='api2.example.com', port=443): Max retries exceeded with url: /logs (Caused by NameResolutionError("<urllib3.connection.HTTPSConnection object at 0x000001E6F3B75730>: Failed to resolve 'api2.example.com' ([Errno 11001] getaddrinfo failed)"))
2024-05-14 19:30:02,043 - CRITICAL - Failed to ingest log to https://api2.example.com/logs: HTTPSConnectionPool(host='api2.example.com', port=443): Max retries exceeded with url: /logs (Caused by NameResolutionError("<urllib3.connection.HTTPSConnection object at 0x000001E6F3B75730>: Failed to resolve 'api2.example.com' ([Errno 11001] getaddrinfo failed)"))
2024-05-14 19:30:02,043 - WARNING -  * Debugger is active!
2024-05-14 19:30:02,055 - INFO -  * Debugger PIN: 143-116-878
2024-05-14 19:32:36,042 - INFO -  * Detected change in 'C:\\Users\\gradu\\OneDrive\\Desktop\\lo\\app.py', reloading
2024-05-14 19:32:36,042 - INFO -  * Detected change in 'C:\\Users\\gradu\\OneDrive\\Desktop\\lo\\app.py', reloading
2024-05-14 19:32:36,042 - INFO -  * Detected change in 'C:\\Users\\gradu\\OneDrive\\Desktop\\lo\\app.py', reloading
2024-05-14 19:32:36,042 - INFO -  * Detected change in 'C:\\Users\\gradu\\OneDrive\\Desktop\\lo\\app.py', reloading
2024-05-14 19:32:36,394 - INFO -  * Restarting with watchdog (windowsapi)
